<?xml version="1.0" encoding="UTF-8"?>
<testng-results ignored="0" total="1" passed="1" failed="0" skipped="0">
  <reporter-output>
  </reporter-output>
  <suite started-at="2020-02-19T00:02:07 CET" name="helloworld_aleksandra.TestHelloWorld" finished-at="2020-02-19T00:02:07 CET" duration-ms="67">
    <groups>
    </groups>
    <test started-at="2020-02-19T00:02:07 CET" name="Command line test" finished-at="2020-02-19T00:02:07 CET" duration-ms="67">
      <class name="helloworld_aleksandra.TestHelloWorld">
        <test-method signature="testHelloWorld()[pri:0, instance:helloworld_aleksandra.TestHelloWorld@5ed828d]" started-at="2020-02-19T00:02:07 CET" name="testHelloWorld" finished-at="2020-02-19T00:02:07 CET" duration-ms="7" status="PASS">
          <reporter-output>
          </reporter-output>
        </test-method> <!-- testHelloWorld -->
      </class> <!-- helloworld_aleksandra.TestHelloWorld -->
    </test> <!-- Command line test -->
  </suite> <!-- helloworld_aleksandra.TestHelloWorld -->
</testng-results>
